2022-03-29 17:12:22.047  INFO 44584 --- [restartedMain] com.ssafy.nfti.NftiApplication           : Starting NftiApplication using Java 11.0.14 on DESKTOP-IJ72NFI with PID 44584 (C:\Users\doori\ssafy_6\특화 pjt\S06P22D107\backend\nfti\target\classes started by doori in C:\Users\doori\ssafy_6\특화 pjt\S06P22D107\backend\nfti)
2022-03-29 17:12:22.052  INFO 44584 --- [restartedMain] com.ssafy.nfti.NftiApplication           : No active profile set, falling back to 1 default profile: "default"
2022-03-29 17:12:22.102  INFO 44584 --- [restartedMain] .e.DevToolsPropertyDefaultsPostProcessor : Devtools property defaults active! Set 'spring.devtools.add-properties' to 'false' to disable
2022-03-29 17:12:22.102  INFO 44584 --- [restartedMain] .e.DevToolsPropertyDefaultsPostProcessor : For additional web related logging consider setting the 'logging.level.web' property to 'DEBUG'
2022-03-29 17:12:22.999  INFO 44584 --- [restartedMain] .s.d.r.c.RepositoryConfigurationDelegate : Bootstrapping Spring Data JPA repositories in DEFAULT mode.
2022-03-29 17:12:23.070  INFO 44584 --- [restartedMain] .s.d.r.c.RepositoryConfigurationDelegate : Finished Spring Data repository scanning in 61 ms. Found 3 JPA repository interfaces.
2022-03-29 17:12:23.326  INFO 44584 --- [restartedMain] trationDelegate$BeanPostProcessorChecker : Bean 'credentialsProvider' of type [com.amazonaws.auth.AWSCredentialsProviderChain] is not eligible for getting processed by all BeanPostProcessors (for example: not eligible for auto-proxying)
2022-03-29 17:12:23.667  INFO 44584 --- [restartedMain] o.s.b.w.embedded.tomcat.TomcatWebServer  : Tomcat initialized with port(s): 8080 (http)
2022-03-29 17:12:23.673  INFO 44584 --- [restartedMain] o.apache.catalina.core.StandardService   : Starting service [Tomcat]
2022-03-29 17:12:23.674  INFO 44584 --- [restartedMain] org.apache.catalina.core.StandardEngine  : Starting Servlet engine: [Apache Tomcat/9.0.58]
2022-03-29 17:12:23.769  INFO 44584 --- [restartedMain] o.a.c.c.C.[Tomcat].[localhost].[/]       : Initializing Spring embedded WebApplicationContext
2022-03-29 17:12:23.769  INFO 44584 --- [restartedMain] w.s.c.ServletWebServerApplicationContext : Root WebApplicationContext: initialization completed in 1667 ms
2022-03-29 17:12:23.815 DEBUG 44584 --- [restartedMain] o.s.w.f.CommonsRequestLoggingFilter      : Filter 'commonsRequestLoggingFilter' configured for use
2022-03-29 17:12:23.921  INFO 44584 --- [restartedMain] o.hibernate.jpa.internal.util.LogHelper  : HHH000204: Processing PersistenceUnitInfo [name: default]
2022-03-29 17:12:23.967  INFO 44584 --- [restartedMain] org.hibernate.Version                    : HHH000412: Hibernate ORM core version 5.6.5.Final
2022-03-29 17:12:24.085  INFO 44584 --- [restartedMain] o.hibernate.annotations.common.Version   : HCANN000001: Hibernate Commons Annotations {5.1.2.Final}
2022-03-29 17:12:24.156  INFO 44584 --- [restartedMain] com.zaxxer.hikari.HikariDataSource       : HikariPool-1 - Starting...
2022-03-29 17:12:24.426  INFO 44584 --- [restartedMain] com.zaxxer.hikari.HikariDataSource       : HikariPool-1 - Start completed.
2022-03-29 17:12:24.439  INFO 44584 --- [restartedMain] org.hibernate.dialect.Dialect            : HHH000400: Using dialect: org.hibernate.dialect.MySQL57Dialect
2022-03-29 17:12:24.975  INFO 44584 --- [restartedMain] o.h.e.t.j.p.i.JtaPlatformInitiator       : HHH000490: Using JtaPlatform implementation: [org.hibernate.engine.transaction.jta.platform.internal.NoJtaPlatform]
2022-03-29 17:12:24.981  INFO 44584 --- [restartedMain] j.LocalContainerEntityManagerFactoryBean : Initialized JPA EntityManagerFactory for persistence unit 'default'
2022-03-29 17:12:25.641  WARN 44584 --- [restartedMain] JpaBaseConfiguration$JpaWebConfiguration : spring.jpa.open-in-view is enabled by default. Therefore, database queries may be performed during view rendering. Explicitly configure spring.jpa.open-in-view to disable this warning
2022-03-29 17:12:25.826 DEBUG 44584 --- [restartedMain] s.w.s.m.m.a.RequestMappingHandlerMapping : 21 mappings in 'requestMappingHandlerMapping'
2022-03-29 17:12:25.920  INFO 44584 --- [restartedMain] .s.s.UserDetailsServiceAutoConfiguration : 

Using generated security password: e492f31e-3094-4ce3-b93a-0b4c392c3556

2022-03-29 17:12:25.981  INFO 44584 --- [restartedMain] o.s.s.web.DefaultSecurityFilterChain     : Will not secure any request
2022-03-29 17:12:26.087  INFO 44584 --- [restartedMain] o.s.b.d.a.OptionalLiveReloadServer       : LiveReload server is running on port 35729
2022-03-29 17:12:26.090 DEBUG 44584 --- [restartedMain] s.w.s.m.m.a.RequestMappingHandlerAdapter : ControllerAdvice beans: 0 @ModelAttribute, 0 @InitBinder, 1 RequestBodyAdvice, 1 ResponseBodyAdvice
2022-03-29 17:12:26.123 DEBUG 44584 --- [restartedMain] o.s.w.s.handler.SimpleUrlHandlerMapping  : Patterns [/swagger-ui/] in 'viewControllerHandlerMapping'
2022-03-29 17:12:26.144 DEBUG 44584 --- [restartedMain] o.s.w.s.handler.SimpleUrlHandlerMapping  : Patterns [/webjars/**, /**, /swagger-ui/**] in 'resourceHandlerMapping'
2022-03-29 17:12:26.151 DEBUG 44584 --- [restartedMain] .m.m.a.ExceptionHandlerExceptionResolver : ControllerAdvice beans: 0 @ExceptionHandler, 1 ResponseBodyAdvice
2022-03-29 17:12:26.266  INFO 44584 --- [restartedMain] o.s.b.w.embedded.tomcat.TomcatWebServer  : Tomcat started on port(s): 8080 (http) with context path ''
2022-03-29 17:12:26.268  WARN 44584 --- [restartedMain] ConfigServletWebServerApplicationContext : Exception encountered during context initialization - cancelling refresh attempt: org.springframework.context.ApplicationContextException: Failed to start bean 'documentationPluginsBootstrapper'; nested exception is java.lang.NullPointerException
2022-03-29 17:12:26.273  INFO 44584 --- [restartedMain] j.LocalContainerEntityManagerFactoryBean : Closing JPA EntityManagerFactory for persistence unit 'default'
2022-03-29 17:12:26.274  INFO 44584 --- [restartedMain] com.zaxxer.hikari.HikariDataSource       : HikariPool-1 - Shutdown initiated...
2022-03-29 17:12:26.330  INFO 44584 --- [restartedMain] com.zaxxer.hikari.HikariDataSource       : HikariPool-1 - Shutdown completed.
2022-03-29 17:12:27.156  INFO 44584 --- [restartedMain] o.apache.catalina.core.StandardService   : Stopping service [Tomcat]
2022-03-29 17:12:27.168  INFO 44584 --- [restartedMain] ConditionEvaluationReportLoggingListener : 

Error starting ApplicationContext. To display the conditions report re-run your application with 'debug' enabled.
2022-03-29 17:12:27.221 ERROR 44584 --- [restartedMain] o.s.boot.SpringApplication               : Application run failed

org.springframework.context.ApplicationContextException: Failed to start bean 'documentationPluginsBootstrapper'; nested exception is java.lang.NullPointerException
	at org.springframework.context.support.DefaultLifecycleProcessor.doStart(DefaultLifecycleProcessor.java:181) ~[spring-context-5.3.16.jar:5.3.16]
	at org.springframework.context.support.DefaultLifecycleProcessor.access$200(DefaultLifecycleProcessor.java:54) ~[spring-context-5.3.16.jar:5.3.16]
	at org.springframework.context.support.DefaultLifecycleProcessor$LifecycleGroup.start(DefaultLifecycleProcessor.java:356) ~[spring-context-5.3.16.jar:5.3.16]
	at java.base/java.lang.Iterable.forEach(Iterable.java:75) ~[na:na]
	at org.springframework.context.support.DefaultLifecycleProcessor.startBeans(DefaultLifecycleProcessor.java:155) ~[spring-context-5.3.16.jar:5.3.16]
	at org.springframework.context.support.DefaultLifecycleProcessor.onRefresh(DefaultLifecycleProcessor.java:123) ~[spring-context-5.3.16.jar:5.3.16]
	at org.springframework.context.support.AbstractApplicationContext.finishRefresh(AbstractApplicationContext.java:935) ~[spring-context-5.3.16.jar:5.3.16]
	at org.springframework.context.support.AbstractApplicationContext.refresh(AbstractApplicationContext.java:586) ~[spring-context-5.3.16.jar:5.3.16]
	at org.springframework.boot.web.servlet.context.ServletWebServerApplicationContext.refresh(ServletWebServerApplicationContext.java:145) ~[spring-boot-2.6.4.jar:2.6.4]
	at org.springframework.boot.SpringApplication.refresh(SpringApplication.java:740) ~[spring-boot-2.6.4.jar:2.6.4]
	at org.springframework.boot.SpringApplication.refreshContext(SpringApplication.java:415) ~[spring-boot-2.6.4.jar:2.6.4]
	at org.springframework.boot.SpringApplication.run(SpringApplication.java:303) ~[spring-boot-2.6.4.jar:2.6.4]
	at org.springframework.boot.SpringApplication.run(SpringApplication.java:1312) ~[spring-boot-2.6.4.jar:2.6.4]
	at org.springframework.boot.SpringApplication.run(SpringApplication.java:1301) ~[spring-boot-2.6.4.jar:2.6.4]
	at com.ssafy.nfti.NftiApplication.main(NftiApplication.java:10) ~[classes/:na]
	at java.base/jdk.internal.reflect.NativeMethodAccessorImpl.invoke0(Native Method) ~[na:na]
	at java.base/jdk.internal.reflect.NativeMethodAccessorImpl.invoke(NativeMethodAccessorImpl.java:62) ~[na:na]
	at java.base/jdk.internal.reflect.DelegatingMethodAccessorImpl.invoke(DelegatingMethodAccessorImpl.java:43) ~[na:na]
	at java.base/java.lang.reflect.Method.invoke(Method.java:566) ~[na:na]
	at org.springframework.boot.devtools.restart.RestartLauncher.run(RestartLauncher.java:49) ~[spring-boot-devtools-2.6.4.jar:2.6.4]
Caused by: java.lang.NullPointerException: null
	at springfox.documentation.spring.web.WebMvcPatternsRequestConditionWrapper.getPatterns(WebMvcPatternsRequestConditionWrapper.java:56) ~[springfox-spring-webmvc-3.0.0.jar:3.0.0]
	at springfox.documentation.RequestHandler.sortedPaths(RequestHandler.java:113) ~[springfox-core-3.0.0.jar:3.0.0]
	at springfox.documentation.spi.service.contexts.Orderings.lambda$byPatternsCondition$3(Orderings.java:89) ~[springfox-spi-3.0.0.jar:3.0.0]
	at java.base/java.util.Comparator.lambda$comparing$77a9974f$1(Comparator.java:469) ~[na:na]
	at java.base/java.util.TimSort.countRunAndMakeAscending(TimSort.java:355) ~[na:na]
	at java.base/java.util.TimSort.sort(TimSort.java:220) ~[na:na]
	at java.base/java.util.Arrays.sort(Arrays.java:1515) ~[na:na]
	at java.base/java.util.ArrayList.sort(ArrayList.java:1750) ~[na:na]
	at java.base/java.util.stream.SortedOps$RefSortingSink.end(SortedOps.java:392) ~[na:na]
	at java.base/java.util.stream.Sink$ChainedReference.end(Sink.java:258) ~[na:na]
	at java.base/java.util.stream.Sink$ChainedReference.end(Sink.java:258) ~[na:na]
	at java.base/java.util.stream.Sink$ChainedReference.end(Sink.java:258) ~[na:na]
	at java.base/java.util.stream.Sink$ChainedReference.end(Sink.java:258) ~[na:na]
	at java.base/java.util.stream.AbstractPipeline.copyInto(AbstractPipeline.java:485) ~[na:na]
	at java.base/java.util.stream.AbstractPipeline.wrapAndCopyInto(AbstractPipeline.java:474) ~[na:na]
	at java.base/java.util.stream.ReduceOps$ReduceOp.evaluateSequential(ReduceOps.java:913) ~[na:na]
	at java.base/java.util.stream.AbstractPipeline.evaluate(AbstractPipeline.java:234) ~[na:na]
	at java.base/java.util.stream.ReferencePipeline.collect(ReferencePipeline.java:578) ~[na:na]
	at springfox.documentation.spring.web.plugins.WebMvcRequestHandlerProvider.requestHandlers(WebMvcRequestHandlerProvider.java:81) ~[springfox-spring-webmvc-3.0.0.jar:3.0.0]
	at java.base/java.util.stream.ReferencePipeline$3$1.accept(ReferencePipeline.java:195) ~[na:na]
	at java.base/java.util.ArrayList$ArrayListSpliterator.forEachRemaining(ArrayList.java:1655) ~[na:na]
	at java.base/java.util.stream.AbstractPipeline.copyInto(AbstractPipeline.java:484) ~[na:na]
	at java.base/java.util.stream.AbstractPipeline.wrapAndCopyInto(AbstractPipeline.java:474) ~[na:na]
	at java.base/java.util.stream.ReduceOps$ReduceOp.evaluateSequential(ReduceOps.java:913) ~[na:na]
	at java.base/java.util.stream.AbstractPipeline.evaluate(AbstractPipeline.java:234) ~[na:na]
	at java.base/java.util.stream.ReferencePipeline.collect(ReferencePipeline.java:578) ~[na:na]
	at springfox.documentation.spring.web.plugins.AbstractDocumentationPluginsBootstrapper.withDefaults(AbstractDocumentationPluginsBootstrapper.java:107) ~[springfox-spring-web-3.0.0.jar:3.0.0]
	at springfox.documentation.spring.web.plugins.AbstractDocumentationPluginsBootstrapper.buildContext(AbstractDocumentationPluginsBootstrapper.java:91) ~[springfox-spring-web-3.0.0.jar:3.0.0]
	at springfox.documentation.spring.web.plugins.AbstractDocumentationPluginsBootstrapper.bootstrapDocumentationPlugins(AbstractDocumentationPluginsBootstrapper.java:82) ~[springfox-spring-web-3.0.0.jar:3.0.0]
	at springfox.documentation.spring.web.plugins.DocumentationPluginsBootstrapper.start(DocumentationPluginsBootstrapper.java:100) ~[springfox-spring-web-3.0.0.jar:3.0.0]
	at org.springframework.context.support.DefaultLifecycleProcessor.doStart(DefaultLifecycleProcessor.java:178) ~[spring-context-5.3.16.jar:5.3.16]
	... 19 common frames omitted

2022-03-29 17:14:29.475  INFO 13140 --- [restartedMain] com.ssafy.nfti.NftiApplication           : Starting NftiApplication using Java 11.0.14 on DESKTOP-IJ72NFI with PID 13140 (C:\Users\doori\ssafy_6\특화 pjt\S06P22D107\backend\nfti\target\classes started by doori in C:\Users\doori\ssafy_6\특화 pjt\S06P22D107\backend\nfti)
2022-03-29 17:14:29.476  INFO 13140 --- [restartedMain] com.ssafy.nfti.NftiApplication           : No active profile set, falling back to 1 default profile: "default"
2022-03-29 17:14:29.513  INFO 13140 --- [restartedMain] .e.DevToolsPropertyDefaultsPostProcessor : Devtools property defaults active! Set 'spring.devtools.add-properties' to 'false' to disable
2022-03-29 17:14:29.513  INFO 13140 --- [restartedMain] .e.DevToolsPropertyDefaultsPostProcessor : For additional web related logging consider setting the 'logging.level.web' property to 'DEBUG'
2022-03-29 17:14:30.293  INFO 13140 --- [restartedMain] .s.d.r.c.RepositoryConfigurationDelegate : Bootstrapping Spring Data JPA repositories in DEFAULT mode.
2022-03-29 17:14:30.348  INFO 13140 --- [restartedMain] .s.d.r.c.RepositoryConfigurationDelegate : Finished Spring Data repository scanning in 50 ms. Found 3 JPA repository interfaces.
2022-03-29 17:14:30.577  INFO 13140 --- [restartedMain] trationDelegate$BeanPostProcessorChecker : Bean 'credentialsProvider' of type [com.amazonaws.auth.AWSCredentialsProviderChain] is not eligible for getting processed by all BeanPostProcessors (for example: not eligible for auto-proxying)
2022-03-29 17:14:30.858  INFO 13140 --- [restartedMain] o.s.b.w.embedded.tomcat.TomcatWebServer  : Tomcat initialized with port(s): 8080 (http)
2022-03-29 17:14:30.864  INFO 13140 --- [restartedMain] o.apache.catalina.core.StandardService   : Starting service [Tomcat]
2022-03-29 17:14:30.864  INFO 13140 --- [restartedMain] org.apache.catalina.core.StandardEngine  : Starting Servlet engine: [Apache Tomcat/9.0.58]
2022-03-29 17:14:30.946  INFO 13140 --- [restartedMain] o.a.c.c.C.[Tomcat].[localhost].[/]       : Initializing Spring embedded WebApplicationContext
2022-03-29 17:14:30.946  INFO 13140 --- [restartedMain] w.s.c.ServletWebServerApplicationContext : Root WebApplicationContext: initialization completed in 1432 ms
2022-03-29 17:14:30.996 DEBUG 13140 --- [restartedMain] o.s.w.f.CommonsRequestLoggingFilter      : Filter 'commonsRequestLoggingFilter' configured for use
2022-03-29 17:14:31.093  INFO 13140 --- [restartedMain] o.hibernate.jpa.internal.util.LogHelper  : HHH000204: Processing PersistenceUnitInfo [name: default]
2022-03-29 17:14:31.130  INFO 13140 --- [restartedMain] org.hibernate.Version                    : HHH000412: Hibernate ORM core version 5.6.5.Final
2022-03-29 17:14:31.241  INFO 13140 --- [restartedMain] o.hibernate.annotations.common.Version   : HCANN000001: Hibernate Commons Annotations {5.1.2.Final}
2022-03-29 17:14:31.311  INFO 13140 --- [restartedMain] com.zaxxer.hikari.HikariDataSource       : HikariPool-1 - Starting...
2022-03-29 17:14:31.594  INFO 13140 --- [restartedMain] com.zaxxer.hikari.HikariDataSource       : HikariPool-1 - Start completed.
2022-03-29 17:14:31.603  INFO 13140 --- [restartedMain] org.hibernate.dialect.Dialect            : HHH000400: Using dialect: org.hibernate.dialect.MySQL57Dialect
2022-03-29 17:14:32.037  INFO 13140 --- [restartedMain] o.h.e.t.j.p.i.JtaPlatformInitiator       : HHH000490: Using JtaPlatform implementation: [org.hibernate.engine.transaction.jta.platform.internal.NoJtaPlatform]
2022-03-29 17:14:32.046  INFO 13140 --- [restartedMain] j.LocalContainerEntityManagerFactoryBean : Initialized JPA EntityManagerFactory for persistence unit 'default'
2022-03-29 17:14:32.710  WARN 13140 --- [restartedMain] JpaBaseConfiguration$JpaWebConfiguration : spring.jpa.open-in-view is enabled by default. Therefore, database queries may be performed during view rendering. Explicitly configure spring.jpa.open-in-view to disable this warning
2022-03-29 17:14:32.916 DEBUG 13140 --- [restartedMain] s.w.s.m.m.a.RequestMappingHandlerMapping : 21 mappings in 'requestMappingHandlerMapping'
2022-03-29 17:14:33.017  INFO 13140 --- [restartedMain] .s.s.UserDetailsServiceAutoConfiguration : 

Using generated security password: cf107965-621c-44ff-9eca-bf2fdd14b698

2022-03-29 17:14:33.069  INFO 13140 --- [restartedMain] o.s.s.web.DefaultSecurityFilterChain     : Will not secure any request
2022-03-29 17:14:33.167  INFO 13140 --- [restartedMain] o.s.b.d.a.OptionalLiveReloadServer       : LiveReload server is running on port 35729
2022-03-29 17:14:33.171 DEBUG 13140 --- [restartedMain] s.w.s.m.m.a.RequestMappingHandlerAdapter : ControllerAdvice beans: 0 @ModelAttribute, 0 @InitBinder, 1 RequestBodyAdvice, 1 ResponseBodyAdvice
2022-03-29 17:14:33.200 DEBUG 13140 --- [restartedMain] o.s.w.s.handler.SimpleUrlHandlerMapping  : Patterns [/swagger-ui/] in 'viewControllerHandlerMapping'
2022-03-29 17:14:33.217 DEBUG 13140 --- [restartedMain] o.s.w.s.handler.SimpleUrlHandlerMapping  : Patterns [/webjars/**, /**, /swagger-ui/**] in 'resourceHandlerMapping'
2022-03-29 17:14:33.222 DEBUG 13140 --- [restartedMain] .m.m.a.ExceptionHandlerExceptionResolver : ControllerAdvice beans: 0 @ExceptionHandler, 1 ResponseBodyAdvice
2022-03-29 17:14:33.330  INFO 13140 --- [restartedMain] o.s.b.w.embedded.tomcat.TomcatWebServer  : Tomcat started on port(s): 8080 (http) with context path ''
2022-03-29 17:14:33.332  WARN 13140 --- [restartedMain] ConfigServletWebServerApplicationContext : Exception encountered during context initialization - cancelling refresh attempt: org.springframework.context.ApplicationContextException: Failed to start bean 'documentationPluginsBootstrapper'; nested exception is java.lang.NullPointerException
2022-03-29 17:14:33.337  INFO 13140 --- [restartedMain] j.LocalContainerEntityManagerFactoryBean : Closing JPA EntityManagerFactory for persistence unit 'default'
2022-03-29 17:14:33.339  INFO 13140 --- [restartedMain] com.zaxxer.hikari.HikariDataSource       : HikariPool-1 - Shutdown initiated...
2022-03-29 17:14:33.399  INFO 13140 --- [restartedMain] com.zaxxer.hikari.HikariDataSource       : HikariPool-1 - Shutdown completed.
2022-03-29 17:14:34.230  INFO 13140 --- [restartedMain] o.apache.catalina.core.StandardService   : Stopping service [Tomcat]
2022-03-29 17:14:34.244  INFO 13140 --- [restartedMain] ConditionEvaluationReportLoggingListener : 

Error starting ApplicationContext. To display the conditions report re-run your application with 'debug' enabled.
2022-03-29 17:14:34.265 ERROR 13140 --- [restartedMain] o.s.boot.SpringApplication               : Application run failed

org.springframework.context.ApplicationContextException: Failed to start bean 'documentationPluginsBootstrapper'; nested exception is java.lang.NullPointerException
	at org.springframework.context.support.DefaultLifecycleProcessor.doStart(DefaultLifecycleProcessor.java:181) ~[spring-context-5.3.16.jar:5.3.16]
	at org.springframework.context.support.DefaultLifecycleProcessor.access$200(DefaultLifecycleProcessor.java:54) ~[spring-context-5.3.16.jar:5.3.16]
	at org.springframework.context.support.DefaultLifecycleProcessor$LifecycleGroup.start(DefaultLifecycleProcessor.java:356) ~[spring-context-5.3.16.jar:5.3.16]
	at java.base/java.lang.Iterable.forEach(Iterable.java:75) ~[na:na]
	at org.springframework.context.support.DefaultLifecycleProcessor.startBeans(DefaultLifecycleProcessor.java:155) ~[spring-context-5.3.16.jar:5.3.16]
	at org.springframework.context.support.DefaultLifecycleProcessor.onRefresh(DefaultLifecycleProcessor.java:123) ~[spring-context-5.3.16.jar:5.3.16]
	at org.springframework.context.support.AbstractApplicationContext.finishRefresh(AbstractApplicationContext.java:935) ~[spring-context-5.3.16.jar:5.3.16]
	at org.springframework.context.support.AbstractApplicationContext.refresh(AbstractApplicationContext.java:586) ~[spring-context-5.3.16.jar:5.3.16]
	at org.springframework.boot.web.servlet.context.ServletWebServerApplicationContext.refresh(ServletWebServerApplicationContext.java:145) ~[spring-boot-2.6.4.jar:2.6.4]
	at org.springframework.boot.SpringApplication.refresh(SpringApplication.java:740) ~[spring-boot-2.6.4.jar:2.6.4]
	at org.springframework.boot.SpringApplication.refreshContext(SpringApplication.java:415) ~[spring-boot-2.6.4.jar:2.6.4]
	at org.springframework.boot.SpringApplication.run(SpringApplication.java:303) ~[spring-boot-2.6.4.jar:2.6.4]
	at org.springframework.boot.SpringApplication.run(SpringApplication.java:1312) ~[spring-boot-2.6.4.jar:2.6.4]
	at org.springframework.boot.SpringApplication.run(SpringApplication.java:1301) ~[spring-boot-2.6.4.jar:2.6.4]
	at com.ssafy.nfti.NftiApplication.main(NftiApplication.java:10) ~[classes/:na]
	at java.base/jdk.internal.reflect.NativeMethodAccessorImpl.invoke0(Native Method) ~[na:na]
	at java.base/jdk.internal.reflect.NativeMethodAccessorImpl.invoke(NativeMethodAccessorImpl.java:62) ~[na:na]
	at java.base/jdk.internal.reflect.DelegatingMethodAccessorImpl.invoke(DelegatingMethodAccessorImpl.java:43) ~[na:na]
	at java.base/java.lang.reflect.Method.invoke(Method.java:566) ~[na:na]
	at org.springframework.boot.devtools.restart.RestartLauncher.run(RestartLauncher.java:49) ~[spring-boot-devtools-2.6.4.jar:2.6.4]
Caused by: java.lang.NullPointerException: null
	at springfox.documentation.spring.web.WebMvcPatternsRequestConditionWrapper.getPatterns(WebMvcPatternsRequestConditionWrapper.java:56) ~[springfox-spring-webmvc-3.0.0.jar:3.0.0]
	at springfox.documentation.RequestHandler.sortedPaths(RequestHandler.java:113) ~[springfox-core-3.0.0.jar:3.0.0]
	at springfox.documentation.spi.service.contexts.Orderings.lambda$byPatternsCondition$3(Orderings.java:89) ~[springfox-spi-3.0.0.jar:3.0.0]
	at java.base/java.util.Comparator.lambda$comparing$77a9974f$1(Comparator.java:469) ~[na:na]
	at java.base/java.util.TimSort.countRunAndMakeAscending(TimSort.java:355) ~[na:na]
	at java.base/java.util.TimSort.sort(TimSort.java:220) ~[na:na]
	at java.base/java.util.Arrays.sort(Arrays.java:1515) ~[na:na]
	at java.base/java.util.ArrayList.sort(ArrayList.java:1750) ~[na:na]
	at java.base/java.util.stream.SortedOps$RefSortingSink.end(SortedOps.java:392) ~[na:na]
	at java.base/java.util.stream.Sink$ChainedReference.end(Sink.java:258) ~[na:na]
	at java.base/java.util.stream.Sink$ChainedReference.end(Sink.java:258) ~[na:na]
	at java.base/java.util.stream.Sink$ChainedReference.end(Sink.java:258) ~[na:na]
	at java.base/java.util.stream.Sink$ChainedReference.end(Sink.java:258) ~[na:na]
	at java.base/java.util.stream.AbstractPipeline.copyInto(AbstractPipeline.java:485) ~[na:na]
	at java.base/java.util.stream.AbstractPipeline.wrapAndCopyInto(AbstractPipeline.java:474) ~[na:na]
	at java.base/java.util.stream.ReduceOps$ReduceOp.evaluateSequential(ReduceOps.java:913) ~[na:na]
	at java.base/java.util.stream.AbstractPipeline.evaluate(AbstractPipeline.java:234) ~[na:na]
	at java.base/java.util.stream.ReferencePipeline.collect(ReferencePipeline.java:578) ~[na:na]
	at springfox.documentation.spring.web.plugins.WebMvcRequestHandlerProvider.requestHandlers(WebMvcRequestHandlerProvider.java:81) ~[springfox-spring-webmvc-3.0.0.jar:3.0.0]
	at java.base/java.util.stream.ReferencePipeline$3$1.accept(ReferencePipeline.java:195) ~[na:na]
	at java.base/java.util.ArrayList$ArrayListSpliterator.forEachRemaining(ArrayList.java:1655) ~[na:na]
	at java.base/java.util.stream.AbstractPipeline.copyInto(AbstractPipeline.java:484) ~[na:na]
	at java.base/java.util.stream.AbstractPipeline.wrapAndCopyInto(AbstractPipeline.java:474) ~[na:na]
	at java.base/java.util.stream.ReduceOps$ReduceOp.evaluateSequential(ReduceOps.java:913) ~[na:na]
	at java.base/java.util.stream.AbstractPipeline.evaluate(AbstractPipeline.java:234) ~[na:na]
	at java.base/java.util.stream.ReferencePipeline.collect(ReferencePipeline.java:578) ~[na:na]
	at springfox.documentation.spring.web.plugins.AbstractDocumentationPluginsBootstrapper.withDefaults(AbstractDocumentationPluginsBootstrapper.java:107) ~[springfox-spring-web-3.0.0.jar:3.0.0]
	at springfox.documentation.spring.web.plugins.AbstractDocumentationPluginsBootstrapper.buildContext(AbstractDocumentationPluginsBootstrapper.java:91) ~[springfox-spring-web-3.0.0.jar:3.0.0]
	at springfox.documentation.spring.web.plugins.AbstractDocumentationPluginsBootstrapper.bootstrapDocumentationPlugins(AbstractDocumentationPluginsBootstrapper.java:82) ~[springfox-spring-web-3.0.0.jar:3.0.0]
	at springfox.documentation.spring.web.plugins.DocumentationPluginsBootstrapper.start(DocumentationPluginsBootstrapper.java:100) ~[springfox-spring-web-3.0.0.jar:3.0.0]
	at org.springframework.context.support.DefaultLifecycleProcessor.doStart(DefaultLifecycleProcessor.java:178) ~[spring-context-5.3.16.jar:5.3.16]
	... 19 common frames omitted

2022-03-29 17:25:30.933  INFO 27456 --- [restartedMain] com.ssafy.nfti.NftiApplication           : Starting NftiApplication using Java 11.0.14 on DESKTOP-IJ72NFI with PID 27456 (C:\Users\doori\ssafy_6\특화 pjt\S06P22D107\backend\nfti\target\classes started by doori in C:\Users\doori\ssafy_6\특화 pjt\S06P22D107\backend\nfti)
2022-03-29 17:25:30.936  INFO 27456 --- [restartedMain] com.ssafy.nfti.NftiApplication           : No active profile set, falling back to default profiles: default
2022-03-29 17:25:30.971  INFO 27456 --- [restartedMain] .e.DevToolsPropertyDefaultsPostProcessor : Devtools property defaults active! Set 'spring.devtools.add-properties' to 'false' to disable
2022-03-29 17:25:30.972  INFO 27456 --- [restartedMain] .e.DevToolsPropertyDefaultsPostProcessor : For additional web related logging consider setting the 'logging.level.web' property to 'DEBUG'
2022-03-29 17:25:31.778  INFO 27456 --- [restartedMain] .s.d.r.c.RepositoryConfigurationDelegate : Bootstrapping Spring Data JPA repositories in DEFERRED mode.
2022-03-29 17:25:31.835  INFO 27456 --- [restartedMain] .s.d.r.c.RepositoryConfigurationDelegate : Finished Spring Data repository scanning in 53 ms. Found 3 JPA repository interfaces.
2022-03-29 17:25:32.014  INFO 27456 --- [restartedMain] trationDelegate$BeanPostProcessorChecker : Bean 'credentialsProvider' of type [com.amazonaws.auth.AWSCredentialsProviderChain] is not eligible for getting processed by all BeanPostProcessors (for example: not eligible for auto-proxying)
2022-03-29 17:25:32.066  INFO 27456 --- [restartedMain] trationDelegate$BeanPostProcessorChecker : Bean 'org.springframework.security.access.expression.method.DefaultMethodSecurityExpressionHandler@51c2f968' of type [org.springframework.security.access.expression.method.DefaultMethodSecurityExpressionHandler] is not eligible for getting processed by all BeanPostProcessors (for example: not eligible for auto-proxying)
2022-03-29 17:25:32.070  INFO 27456 --- [restartedMain] trationDelegate$BeanPostProcessorChecker : Bean 'methodSecurityMetadataSource' of type [org.springframework.security.access.method.DelegatingMethodSecurityMetadataSource] is not eligible for getting processed by all BeanPostProcessors (for example: not eligible for auto-proxying)
2022-03-29 17:25:32.316  INFO 27456 --- [restartedMain] o.s.b.w.embedded.tomcat.TomcatWebServer  : Tomcat initialized with port(s): 8080 (http)
2022-03-29 17:25:32.339  INFO 27456 --- [restartedMain] o.apache.catalina.core.StandardService   : Starting service [Tomcat]
2022-03-29 17:25:32.339  INFO 27456 --- [restartedMain] org.apache.catalina.core.StandardEngine  : Starting Servlet engine: [Apache Tomcat/9.0.39]
2022-03-29 17:25:32.427  INFO 27456 --- [restartedMain] o.a.c.c.C.[Tomcat].[localhost].[/]       : Initializing Spring embedded WebApplicationContext
2022-03-29 17:25:32.427  INFO 27456 --- [restartedMain] w.s.c.ServletWebServerApplicationContext : Root WebApplicationContext: initialization completed in 1455 ms
2022-03-29 17:25:32.466 DEBUG 27456 --- [restartedMain] o.s.w.f.CommonsRequestLoggingFilter      : Filter 'commonsRequestLoggingFilter' configured for use
2022-03-29 17:25:32.547  INFO 27456 --- [restartedMain] o.s.s.concurrent.ThreadPoolTaskExecutor  : Initializing ExecutorService 'applicationTaskExecutor'
2022-03-29 17:25:32.589  INFO 27456 --- [task-1] o.hibernate.jpa.internal.util.LogHelper  : HHH000204: Processing PersistenceUnitInfo [name: default]
2022-03-29 17:25:32.637  INFO 27456 --- [task-1] org.hibernate.Version                    : HHH000412: Hibernate ORM core version 5.4.23.Final
2022-03-29 17:25:32.730  INFO 27456 --- [task-1] o.hibernate.annotations.common.Version   : HCANN000001: Hibernate Commons Annotations {5.1.2.Final}
2022-03-29 17:25:32.818  INFO 27456 --- [task-1] com.zaxxer.hikari.HikariDataSource       : HikariPool-1 - Starting...
2022-03-29 17:25:33.083  WARN 27456 --- [restartedMain] JpaBaseConfiguration$JpaWebConfiguration : spring.jpa.open-in-view is enabled by default. Therefore, database queries may be performed during view rendering. Explicitly configure spring.jpa.open-in-view to disable this warning
2022-03-29 17:25:33.089  INFO 27456 --- [task-1] com.zaxxer.hikari.HikariDataSource       : HikariPool-1 - Start completed.
2022-03-29 17:25:33.102  INFO 27456 --- [task-1] org.hibernate.dialect.Dialect            : HHH000400: Using dialect: org.hibernate.dialect.MySQL57Dialect
2022-03-29 17:25:33.395 DEBUG 27456 --- [restartedMain] s.w.s.m.m.a.RequestMappingHandlerMapping : 19 mappings in 'requestMappingHandlerMapping'
2022-03-29 17:25:33.545  INFO 27456 --- [restartedMain] .s.s.UserDetailsServiceAutoConfiguration : 

Using generated security password: 0d40a7e7-86ff-47bd-88e0-41353b048fb4

2022-03-29 17:25:33.615  INFO 27456 --- [restartedMain] o.s.s.web.DefaultSecurityFilterChain     : Will secure any request with [org.springframework.security.web.context.request.async.WebAsyncManagerIntegrationFilter@13fdbfdf, org.springframework.security.web.context.SecurityContextPersistenceFilter@17642f5f, org.springframework.security.web.header.HeaderWriterFilter@320ba789, org.springframework.web.filter.CorsFilter@553153a3, org.springframework.security.web.authentication.logout.LogoutFilter@7e75cb15, org.springframework.security.web.savedrequest.RequestCacheAwareFilter@53958265, org.springframework.security.web.servletapi.SecurityContextHolderAwareRequestFilter@36e43c12, org.springframework.security.web.authentication.AnonymousAuthenticationFilter@19b4b7ba, org.springframework.security.web.session.SessionManagementFilter@4c8a0627, org.springframework.security.web.access.ExceptionTranslationFilter@7a621dd4]
2022-03-29 17:25:33.692  INFO 27456 --- [task-1] o.h.e.t.j.p.i.JtaPlatformInitiator       : HHH000490: Using JtaPlatform implementation: [org.hibernate.engine.transaction.jta.platform.internal.NoJtaPlatform]
2022-03-29 17:25:33.699  INFO 27456 --- [task-1] j.LocalContainerEntityManagerFactoryBean : Initialized JPA EntityManagerFactory for persistence unit 'default'
2022-03-29 17:25:33.841  INFO 27456 --- [restartedMain] o.s.b.d.a.OptionalLiveReloadServer       : LiveReload server is running on port 35729
2022-03-29 17:25:33.845 DEBUG 27456 --- [restartedMain] s.w.s.m.m.a.RequestMappingHandlerAdapter : ControllerAdvice beans: 0 @ModelAttribute, 0 @InitBinder, 1 RequestBodyAdvice, 1 ResponseBodyAdvice
2022-03-29 17:25:33.874 DEBUG 27456 --- [restartedMain] o.s.w.s.handler.SimpleUrlHandlerMapping  : Patterns [/swagger-ui/] in 'viewControllerHandlerMapping'
2022-03-29 17:25:33.889 DEBUG 27456 --- [restartedMain] o.s.w.s.handler.SimpleUrlHandlerMapping  : Patterns [/webjars/**, /**, /swagger-ui/**] in 'resourceHandlerMapping'
2022-03-29 17:25:33.894 DEBUG 27456 --- [restartedMain] .m.m.a.ExceptionHandlerExceptionResolver : ControllerAdvice beans: 0 @ExceptionHandler, 1 ResponseBodyAdvice
2022-03-29 17:25:34.005  INFO 27456 --- [restartedMain] o.s.b.w.embedded.tomcat.TomcatWebServer  : Tomcat started on port(s): 8080 (http) with context path ''
2022-03-29 17:25:34.203  INFO 27456 --- [restartedMain] DeferredRepositoryInitializationListener : Triggering deferred initialization of Spring Data repositories…
2022-03-29 17:25:34.290  INFO 27456 --- [restartedMain] DeferredRepositoryInitializationListener : Spring Data repositories initialized!
2022-03-29 17:25:34.296  INFO 27456 --- [restartedMain] com.ssafy.nfti.NftiApplication           : Started NftiApplication in 3.704 seconds (JVM running for 6.037)
2022-03-29 17:28:19.775  INFO 27456 --- [http-nio-0.0.0.0-8080-exec-1] o.a.c.c.C.[Tomcat].[localhost].[/]       : Initializing Spring DispatcherServlet 'dispatcherServlet'
2022-03-29 17:28:19.775  INFO 27456 --- [http-nio-0.0.0.0-8080-exec-1] o.s.web.servlet.DispatcherServlet        : Initializing Servlet 'dispatcherServlet'
2022-03-29 17:28:19.775 DEBUG 27456 --- [http-nio-0.0.0.0-8080-exec-1] o.s.web.servlet.DispatcherServlet        : Detected StandardServletMultipartResolver
2022-03-29 17:28:19.775 DEBUG 27456 --- [http-nio-0.0.0.0-8080-exec-1] o.s.web.servlet.DispatcherServlet        : Detected AcceptHeaderLocaleResolver
2022-03-29 17:28:19.775 DEBUG 27456 --- [http-nio-0.0.0.0-8080-exec-1] o.s.web.servlet.DispatcherServlet        : Detected FixedThemeResolver
2022-03-29 17:28:19.777 DEBUG 27456 --- [http-nio-0.0.0.0-8080-exec-1] o.s.web.servlet.DispatcherServlet        : Detected org.springframework.web.servlet.view.DefaultRequestToViewNameTranslator@50ee6410
2022-03-29 17:28:19.777 DEBUG 27456 --- [http-nio-0.0.0.0-8080-exec-1] o.s.web.servlet.DispatcherServlet        : Detected org.springframework.web.servlet.support.SessionFlashMapManager@7bf3b338
2022-03-29 17:28:19.778 DEBUG 27456 --- [http-nio-0.0.0.0-8080-exec-1] o.s.web.servlet.DispatcherServlet        : enableLoggingRequestDetails='false': request parameters and headers will be masked to prevent unsafe logging of potentially sensitive data
2022-03-29 17:28:19.778  INFO 27456 --- [http-nio-0.0.0.0-8080-exec-1] o.s.web.servlet.DispatcherServlet        : Completed initialization in 3 ms
2022-03-29 17:28:19.802 DEBUG 27456 --- [http-nio-0.0.0.0-8080-exec-1] o.s.web.servlet.DispatcherServlet        : GET "/v1/users/address", parameters={masked}
2022-03-29 17:28:19.806 DEBUG 27456 --- [http-nio-0.0.0.0-8080-exec-1] s.w.s.m.m.a.RequestMappingHandlerMapping : Mapped to com.ssafy.nfti.api.controller.UserController#getUserInfo(UserReq)
2022-03-29 17:28:19.816 DEBUG 27456 --- [http-nio-0.0.0.0-8080-exec-1] o.s.web.method.HandlerMethod             : Could not resolve parameter [0] in public org.springframework.http.ResponseEntity<com.ssafy.nfti.api.response.UserRes> com.ssafy.nfti.api.controller.UserController.getUserInfo(com.ssafy.nfti.api.request.UserReq): Required request part 'userReq' is not present
2022-03-29 17:28:19.819  WARN 27456 --- [http-nio-0.0.0.0-8080-exec-1] .w.s.m.s.DefaultHandlerExceptionResolver : Resolved [org.springframework.web.multipart.support.MissingServletRequestPartException: Required request part 'userReq' is not present]
2022-03-29 17:28:19.819 DEBUG 27456 --- [http-nio-0.0.0.0-8080-exec-1] o.s.web.servlet.DispatcherServlet        : Completed 400 BAD_REQUEST
2022-03-29 17:28:19.822 DEBUG 27456 --- [http-nio-0.0.0.0-8080-exec-1] o.s.web.servlet.DispatcherServlet        : "ERROR" dispatch for GET "/error", parameters={masked}
2022-03-29 17:28:19.823 DEBUG 27456 --- [http-nio-0.0.0.0-8080-exec-1] s.w.s.m.m.a.RequestMappingHandlerMapping : Mapped to org.springframework.boot.autoconfigure.web.servlet.error.BasicErrorController#error(HttpServletRequest)
2022-03-29 17:28:19.836 DEBUG 27456 --- [http-nio-0.0.0.0-8080-exec-1] o.s.w.s.m.m.a.HttpEntityMethodProcessor  : Using 'application/json', given [*/*] and supported [application/json, application/*+json, application/json, application/*+json, application/cbor]
2022-03-29 17:28:19.836 DEBUG 27456 --- [http-nio-0.0.0.0-8080-exec-1] o.s.w.s.m.m.a.HttpEntityMethodProcessor  : Writing [{timestamp=Tue Mar 29 17:28:19 GMT+09:00 2022, status=400, error=Bad Request, trace=org.springframew (truncated)...]
2022-03-29 17:28:19.852 DEBUG 27456 --- [http-nio-0.0.0.0-8080-exec-1] o.s.web.servlet.DispatcherServlet        : Exiting from "ERROR" dispatch, status 400
2022-03-29 17:29:45.653 DEBUG 27456 --- [http-nio-0.0.0.0-8080-exec-4] o.s.web.servlet.DispatcherServlet        : GET "/v1/users/address", parameters={masked}
2022-03-29 17:29:45.654 DEBUG 27456 --- [http-nio-0.0.0.0-8080-exec-4] s.w.s.m.m.a.RequestMappingHandlerMapping : Mapped to com.ssafy.nfti.api.controller.UserController#getUserInfo(UserReq)
2022-03-29 17:29:45.660 DEBUG 27456 --- [http-nio-0.0.0.0-8080-exec-4] o.s.web.method.HandlerMethod             : Could not resolve parameter [0] in public org.springframework.http.ResponseEntity<com.ssafy.nfti.api.response.UserRes> com.ssafy.nfti.api.controller.UserController.getUserInfo(com.ssafy.nfti.api.request.UserReq): Required request part 'userReq' is not present
2022-03-29 17:29:45.660  WARN 27456 --- [http-nio-0.0.0.0-8080-exec-4] .w.s.m.s.DefaultHandlerExceptionResolver : Resolved [org.springframework.web.multipart.support.MissingServletRequestPartException: Required request part 'userReq' is not present]
2022-03-29 17:29:45.661 DEBUG 27456 --- [http-nio-0.0.0.0-8080-exec-4] o.s.web.servlet.DispatcherServlet        : Completed 400 BAD_REQUEST
2022-03-29 17:29:45.662 DEBUG 27456 --- [http-nio-0.0.0.0-8080-exec-4] o.s.web.servlet.DispatcherServlet        : "ERROR" dispatch for GET "/error", parameters={masked}
2022-03-29 17:29:45.662 DEBUG 27456 --- [http-nio-0.0.0.0-8080-exec-4] s.w.s.m.m.a.RequestMappingHandlerMapping : Mapped to org.springframework.boot.autoconfigure.web.servlet.error.BasicErrorController#error(HttpServletRequest)
2022-03-29 17:29:45.664 DEBUG 27456 --- [http-nio-0.0.0.0-8080-exec-4] o.s.w.s.m.m.a.HttpEntityMethodProcessor  : Using 'application/json', given [*/*] and supported [application/json, application/*+json, application/json, application/*+json, application/cbor]
2022-03-29 17:29:45.664 DEBUG 27456 --- [http-nio-0.0.0.0-8080-exec-4] o.s.w.s.m.m.a.HttpEntityMethodProcessor  : Writing [{timestamp=Tue Mar 29 17:29:45 GMT+09:00 2022, status=400, error=Bad Request, trace=org.springframew (truncated)...]
2022-03-29 17:29:45.666 DEBUG 27456 --- [http-nio-0.0.0.0-8080-exec-4] o.s.web.servlet.DispatcherServlet        : Exiting from "ERROR" dispatch, status 400
2022-03-29 17:30:04.480 DEBUG 27456 --- [http-nio-0.0.0.0-8080-exec-7] o.s.web.servlet.DispatcherServlet        : POST "/v1/users/address", parameters={masked}
2022-03-29 17:30:04.482  WARN 27456 --- [http-nio-0.0.0.0-8080-exec-7] .w.s.m.s.DefaultHandlerExceptionResolver : Resolved [org.springframework.web.HttpRequestMethodNotSupportedException: Request method 'POST' not supported]
2022-03-29 17:30:04.482 DEBUG 27456 --- [http-nio-0.0.0.0-8080-exec-7] o.s.web.servlet.DispatcherServlet        : Completed 405 METHOD_NOT_ALLOWED
2022-03-29 17:30:04.482 DEBUG 27456 --- [http-nio-0.0.0.0-8080-exec-7] o.s.web.servlet.DispatcherServlet        : "ERROR" dispatch for POST "/error", parameters={masked}
2022-03-29 17:30:04.483 DEBUG 27456 --- [http-nio-0.0.0.0-8080-exec-7] s.w.s.m.m.a.RequestMappingHandlerMapping : Mapped to org.springframework.boot.autoconfigure.web.servlet.error.BasicErrorController#error(HttpServletRequest)
2022-03-29 17:30:04.483 DEBUG 27456 --- [http-nio-0.0.0.0-8080-exec-7] o.s.w.s.m.m.a.HttpEntityMethodProcessor  : Using 'application/json', given [*/*] and supported [application/json, application/*+json, application/json, application/*+json, application/cbor]
2022-03-29 17:30:04.484 DEBUG 27456 --- [http-nio-0.0.0.0-8080-exec-7] o.s.w.s.m.m.a.HttpEntityMethodProcessor  : Writing [{timestamp=Tue Mar 29 17:30:04 GMT+09:00 2022, status=405, error=Method Not Allowed, trace=org.sprin (truncated)...]
2022-03-29 17:30:04.485 DEBUG 27456 --- [http-nio-0.0.0.0-8080-exec-7] o.s.web.servlet.DispatcherServlet        : Exiting from "ERROR" dispatch, status 405
2022-03-29 17:31:35.457  INFO 27456 --- [SpringContextShutdownHook] j.LocalContainerEntityManagerFactoryBean : Closing JPA EntityManagerFactory for persistence unit 'default'
2022-03-29 17:31:35.458  INFO 27456 --- [SpringContextShutdownHook] o.s.s.concurrent.ThreadPoolTaskExecutor  : Shutting down ExecutorService 'applicationTaskExecutor'
2022-03-29 17:31:35.460  INFO 27456 --- [SpringContextShutdownHook] com.zaxxer.hikari.HikariDataSource       : HikariPool-1 - Shutdown initiated...
2022-03-29 17:31:35.516  INFO 27456 --- [SpringContextShutdownHook] com.zaxxer.hikari.HikariDataSource       : HikariPool-1 - Shutdown completed.
2022-03-29 17:31:44.644  INFO 25560 --- [restartedMain] com.ssafy.nfti.NftiApplication           : Starting NftiApplication using Java 11.0.14 on DESKTOP-IJ72NFI with PID 25560 (C:\Users\doori\ssafy_6\특화 pjt\S06P22D107\backend\nfti\target\classes started by doori in C:\Users\doori\ssafy_6\특화 pjt\S06P22D107\backend\nfti)
2022-03-29 17:31:44.647  INFO 25560 --- [restartedMain] com.ssafy.nfti.NftiApplication           : No active profile set, falling back to default profiles: default
2022-03-29 17:31:44.682  INFO 25560 --- [restartedMain] .e.DevToolsPropertyDefaultsPostProcessor : Devtools property defaults active! Set 'spring.devtools.add-properties' to 'false' to disable
2022-03-29 17:31:44.683  INFO 25560 --- [restartedMain] .e.DevToolsPropertyDefaultsPostProcessor : For additional web related logging consider setting the 'logging.level.web' property to 'DEBUG'
2022-03-29 17:31:45.432  INFO 25560 --- [restartedMain] .s.d.r.c.RepositoryConfigurationDelegate : Bootstrapping Spring Data JPA repositories in DEFERRED mode.
2022-03-29 17:31:45.505  INFO 25560 --- [restartedMain] .s.d.r.c.RepositoryConfigurationDelegate : Finished Spring Data repository scanning in 66 ms. Found 3 JPA repository interfaces.
2022-03-29 17:31:45.688  INFO 25560 --- [restartedMain] trationDelegate$BeanPostProcessorChecker : Bean 'credentialsProvider' of type [com.amazonaws.auth.AWSCredentialsProviderChain] is not eligible for getting processed by all BeanPostProcessors (for example: not eligible for auto-proxying)
2022-03-29 17:31:45.735  INFO 25560 --- [restartedMain] trationDelegate$BeanPostProcessorChecker : Bean 'org.springframework.security.access.expression.method.DefaultMethodSecurityExpressionHandler@499fda10' of type [org.springframework.security.access.expression.method.DefaultMethodSecurityExpressionHandler] is not eligible for getting processed by all BeanPostProcessors (for example: not eligible for auto-proxying)
2022-03-29 17:31:45.739  INFO 25560 --- [restartedMain] trationDelegate$BeanPostProcessorChecker : Bean 'methodSecurityMetadataSource' of type [org.springframework.security.access.method.DelegatingMethodSecurityMetadataSource] is not eligible for getting processed by all BeanPostProcessors (for example: not eligible for auto-proxying)
2022-03-29 17:31:45.924  INFO 25560 --- [restartedMain] o.s.b.w.embedded.tomcat.TomcatWebServer  : Tomcat initialized with port(s): 8080 (http)
2022-03-29 17:31:45.939  INFO 25560 --- [restartedMain] o.apache.catalina.core.StandardService   : Starting service [Tomcat]
2022-03-29 17:31:45.939  INFO 25560 --- [restartedMain] org.apache.catalina.core.StandardEngine  : Starting Servlet engine: [Apache Tomcat/9.0.39]
2022-03-29 17:31:46.029  INFO 25560 --- [restartedMain] o.a.c.c.C.[Tomcat].[localhost].[/]       : Initializing Spring embedded WebApplicationContext
2022-03-29 17:31:46.029  INFO 25560 --- [restartedMain] w.s.c.ServletWebServerApplicationContext : Root WebApplicationContext: initialization completed in 1345 ms
2022-03-29 17:31:46.065 DEBUG 25560 --- [restartedMain] o.s.w.f.CommonsRequestLoggingFilter      : Filter 'commonsRequestLoggingFilter' configured for use
2022-03-29 17:31:46.133  INFO 25560 --- [restartedMain] o.s.s.concurrent.ThreadPoolTaskExecutor  : Initializing ExecutorService 'applicationTaskExecutor'
2022-03-29 17:31:46.163  INFO 25560 --- [task-1] o.hibernate.jpa.internal.util.LogHelper  : HHH000204: Processing PersistenceUnitInfo [name: default]
2022-03-29 17:31:46.197  INFO 25560 --- [task-1] org.hibernate.Version                    : HHH000412: Hibernate ORM core version 5.4.23.Final
2022-03-29 17:31:46.277  INFO 25560 --- [task-1] o.hibernate.annotations.common.Version   : HCANN000001: Hibernate Commons Annotations {5.1.2.Final}
2022-03-29 17:31:46.344  INFO 25560 --- [task-1] com.zaxxer.hikari.HikariDataSource       : HikariPool-1 - Starting...
2022-03-29 17:31:46.553  WARN 25560 --- [restartedMain] JpaBaseConfiguration$JpaWebConfiguration : spring.jpa.open-in-view is enabled by default. Therefore, database queries may be performed during view rendering. Explicitly configure spring.jpa.open-in-view to disable this warning
2022-03-29 17:31:46.567  INFO 25560 --- [task-1] com.zaxxer.hikari.HikariDataSource       : HikariPool-1 - Start completed.
2022-03-29 17:31:46.578  INFO 25560 --- [task-1] org.hibernate.dialect.Dialect            : HHH000400: Using dialect: org.hibernate.dialect.MySQL57Dialect
2022-03-29 17:31:46.786 DEBUG 25560 --- [restartedMain] s.w.s.m.m.a.RequestMappingHandlerMapping : 19 mappings in 'requestMappingHandlerMapping'
2022-03-29 17:31:46.906  INFO 25560 --- [restartedMain] .s.s.UserDetailsServiceAutoConfiguration : 

Using generated security password: 2deb234f-2347-45a3-820f-4afc7c0a3fe1

2022-03-29 17:31:46.961  INFO 25560 --- [restartedMain] o.s.s.web.DefaultSecurityFilterChain     : Will secure any request with [org.springframework.security.web.context.request.async.WebAsyncManagerIntegrationFilter@4c428ad, org.springframework.security.web.context.SecurityContextPersistenceFilter@2e13f34c, org.springframework.security.web.header.HeaderWriterFilter@54a90ba6, org.springframework.web.filter.CorsFilter@44e78ea4, org.springframework.security.web.authentication.logout.LogoutFilter@53b40e16, org.springframework.security.web.savedrequest.RequestCacheAwareFilter@7f1dae1b, org.springframework.security.web.servletapi.SecurityContextHolderAwareRequestFilter@2b28a902, org.springframework.security.web.authentication.AnonymousAuthenticationFilter@49a9f16c, org.springframework.security.web.session.SessionManagementFilter@2838c62a, org.springframework.security.web.access.ExceptionTranslationFilter@20e0fe78]
2022-03-29 17:31:47.034  INFO 25560 --- [task-1] o.h.e.t.j.p.i.JtaPlatformInitiator       : HHH000490: Using JtaPlatform implementation: [org.hibernate.engine.transaction.jta.platform.internal.NoJtaPlatform]
2022-03-29 17:31:47.042  INFO 25560 --- [task-1] j.LocalContainerEntityManagerFactoryBean : Initialized JPA EntityManagerFactory for persistence unit 'default'
2022-03-29 17:31:47.166  INFO 25560 --- [restartedMain] o.s.b.d.a.OptionalLiveReloadServer       : LiveReload server is running on port 35729
2022-03-29 17:31:47.170 DEBUG 25560 --- [restartedMain] s.w.s.m.m.a.RequestMappingHandlerAdapter : ControllerAdvice beans: 0 @ModelAttribute, 0 @InitBinder, 1 RequestBodyAdvice, 1 ResponseBodyAdvice
2022-03-29 17:31:47.195 DEBUG 25560 --- [restartedMain] o.s.w.s.handler.SimpleUrlHandlerMapping  : Patterns [/swagger-ui/] in 'viewControllerHandlerMapping'
2022-03-29 17:31:47.210 DEBUG 25560 --- [restartedMain] o.s.w.s.handler.SimpleUrlHandlerMapping  : Patterns [/webjars/**, /**, /swagger-ui/**] in 'resourceHandlerMapping'
2022-03-29 17:31:47.214 DEBUG 25560 --- [restartedMain] .m.m.a.ExceptionHandlerExceptionResolver : ControllerAdvice beans: 0 @ExceptionHandler, 1 ResponseBodyAdvice
2022-03-29 17:31:47.327  INFO 25560 --- [restartedMain] o.s.b.w.embedded.tomcat.TomcatWebServer  : Tomcat started on port(s): 8080 (http) with context path ''
2022-03-29 17:31:47.494  INFO 25560 --- [restartedMain] DeferredRepositoryInitializationListener : Triggering deferred initialization of Spring Data repositories…
2022-03-29 17:31:47.599  INFO 25560 --- [restartedMain] DeferredRepositoryInitializationListener : Spring Data repositories initialized!
2022-03-29 17:31:47.605  INFO 25560 --- [restartedMain] com.ssafy.nfti.NftiApplication           : Started NftiApplication in 3.305 seconds (JVM running for 5.123)
2022-03-29 17:32:38.273  INFO 25560 --- [http-nio-0.0.0.0-8080-exec-1] o.a.c.c.C.[Tomcat].[localhost].[/]       : Initializing Spring DispatcherServlet 'dispatcherServlet'
2022-03-29 17:32:38.274  INFO 25560 --- [http-nio-0.0.0.0-8080-exec-1] o.s.web.servlet.DispatcherServlet        : Initializing Servlet 'dispatcherServlet'
2022-03-29 17:32:38.275 DEBUG 25560 --- [http-nio-0.0.0.0-8080-exec-1] o.s.web.servlet.DispatcherServlet        : Detected StandardServletMultipartResolver
2022-03-29 17:32:38.275 DEBUG 25560 --- [http-nio-0.0.0.0-8080-exec-1] o.s.web.servlet.DispatcherServlet        : Detected AcceptHeaderLocaleResolver
2022-03-29 17:32:38.275 DEBUG 25560 --- [http-nio-0.0.0.0-8080-exec-1] o.s.web.servlet.DispatcherServlet        : Detected FixedThemeResolver
2022-03-29 17:32:38.278 DEBUG 25560 --- [http-nio-0.0.0.0-8080-exec-1] o.s.web.servlet.DispatcherServlet        : Detected org.springframework.web.servlet.view.DefaultRequestToViewNameTranslator@70fde9b4
2022-03-29 17:32:38.279 DEBUG 25560 --- [http-nio-0.0.0.0-8080-exec-1] o.s.web.servlet.DispatcherServlet        : Detected org.springframework.web.servlet.support.SessionFlashMapManager@23686e9c
2022-03-29 17:32:38.279 DEBUG 25560 --- [http-nio-0.0.0.0-8080-exec-1] o.s.web.servlet.DispatcherServlet        : enableLoggingRequestDetails='false': request parameters and headers will be masked to prevent unsafe logging of potentially sensitive data
2022-03-29 17:32:38.279  INFO 25560 --- [http-nio-0.0.0.0-8080-exec-1] o.s.web.servlet.DispatcherServlet        : Completed initialization in 4 ms
2022-03-29 17:32:38.292 DEBUG 25560 --- [http-nio-0.0.0.0-8080-exec-1] o.s.web.servlet.DispatcherServlet        : GET "/v1/users/address", parameters={}
2022-03-29 17:32:38.294 DEBUG 25560 --- [http-nio-0.0.0.0-8080-exec-1] s.w.s.m.m.a.RequestMappingHandlerMapping : Mapped to com.ssafy.nfti.api.controller.UserController#getUserInfo(UserReq)
2022-03-29 17:32:38.308 DEBUG 25560 --- [http-nio-0.0.0.0-8080-exec-1] m.m.a.RequestResponseBodyMethodProcessor : Read "application/json;charset=UTF-8" to [com.ssafy.nfti.api.request.UserReq@7d0d47bc]
2022-03-29 17:32:38.551 DEBUG 25560 --- [http-nio-0.0.0.0-8080-exec-1] o.s.w.s.m.m.a.HttpEntityMethodProcessor  : Using 'application/json', given [*/*] and supported [application/json, application/*+json, application/json, application/*+json, application/cbor]
2022-03-29 17:32:38.551 DEBUG 25560 --- [http-nio-0.0.0.0-8080-exec-1] o.s.w.s.m.m.a.HttpEntityMethodProcessor  : Writing [com.ssafy.nfti.api.response.UserRes@b1ad01c]
2022-03-29 17:32:38.563 DEBUG 25560 --- [http-nio-0.0.0.0-8080-exec-1] o.s.web.servlet.DispatcherServlet        : Completed 200 OK
2022-03-29 17:34:47.100  INFO 25560 --- [SpringContextShutdownHook] j.LocalContainerEntityManagerFactoryBean : Closing JPA EntityManagerFactory for persistence unit 'default'
2022-03-29 17:34:47.101  INFO 25560 --- [SpringContextShutdownHook] o.s.s.concurrent.ThreadPoolTaskExecutor  : Shutting down ExecutorService 'applicationTaskExecutor'
2022-03-29 17:34:47.103  INFO 25560 --- [SpringContextShutdownHook] com.zaxxer.hikari.HikariDataSource       : HikariPool-1 - Shutdown initiated...
2022-03-29 17:34:47.161  INFO 25560 --- [SpringContextShutdownHook] com.zaxxer.hikari.HikariDataSource       : HikariPool-1 - Shutdown completed.
